<?xml version="1.0" encoding="UTF-8"?>
<!-- Generated by org.testng.reporters.JUnitReportReporter -->
<testsuite hostname="DESKTOP-R1KVHLO" failures="0" tests="7" name="com.nopcommerce.ProductPage.Product_Page" time="59.140" errors="0" timestamp="24 May 2024 03:18:55 GMT" skipped="0">
  <testcase classname="com.nopcommerce.ProductPage.Product_Page" name="Sort_Product_Price_Low_To_High" time="3.131"/>
  <testcase classname="com.nopcommerce.ProductPage.Product_Page" name="Product_Display_3_Products_Per_Page" time="16.738"/>
  <testcase classname="com.nopcommerce.ProductPage.Product_Page" name="Sort_Product_Price_High_To_Low" time="3.130"/>
  <testcase classname="com.nopcommerce.ProductPage.Product_Page" name="Sort_Product_Name_A_To_Z" time="6.594"/>
  <testcase classname="com.nopcommerce.ProductPage.Product_Page" name="Sort_Product_Name_Z_To_A" time="3.135"/>
  <testcase classname="com.nopcommerce.ProductPage.Product_Page" name="Product_Display_6_Products_Per_Page" time="13.206"/>
  <testcase classname="com.nopcommerce.ProductPage.Product_Page" name="Product_Display_9_Products_Per_Page" time="13.206"/>
</testsuite> <!-- com.nopcommerce.ProductPage.Product_Page -->
