<?xml version="1.0" encoding="UTF-8"?>
<!-- Generated by org.testng.reporters.JUnitReportReporter -->
<testsuite hostname="Edward.local" failures="0" tests="3" name="com.nopcommerce.RegisterPage.Register_Page" time="69.891" errors="0" timestamp="02 Oct 2023 08:05:27 GMT" skipped="0">
  <testcase classname="com.nopcommerce.RegisterPage.Register_Page" name="Front_Register_An_Account_With_The_Valid_Information" time="19.611"/>
  <testcase classname="com.nopcommerce.RegisterPage.Register_Page" name="Front_Register_An_Account_With_The_Invalid_Information" time="24.186"/>
  <testcase classname="com.nopcommerce.RegisterPage.Register_Page" name="Front_Register_An_Account_With_The_Email_Has_Already_Registered" time="26.094"/>
</testsuite> <!-- com.nopcommerce.RegisterPage.Register_Page -->
