<?xml version="1.0" encoding="UTF-8"?>
<!-- Generated by org.testng.reporters.JUnitReportReporter -->
<testsuite hostname="Edward.local" failures="0" tests="2" name="com.nopcommerce.MyAccountPage.My_Account_Page" time="13.049" errors="0" timestamp="02 Oct 2023 08:05:27 GMT" skipped="0">
  <testcase classname="com.nopcommerce.MyAccountPage.My_Account_Page" name="My_Account_Login_Success" time="8.266"/>
  <testcase classname="com.nopcommerce.MyAccountPage.My_Account_Page" name="Front_Login_Without_Inputting" time="4.783"/>
</testsuite> <!-- com.nopcommerce.MyAccountPage.My_Account_Page -->
