<?xml version="1.0" encoding="UTF-8"?>
<!-- Generated by org.testng.reporters.JUnitReportReporter -->
<testsuite hostname="Edward" failures="0" tests="3" name="com.nopcommerce.RegisterPage.Register_Page" time="65.209" errors="0" timestamp="29 Aug 2023 04:07:56 GMT" skipped="0">
  <testcase classname="com.nopcommerce.RegisterPage.Register_Page" name="Front_Register_An_Account_With_The_Valid_Information" time="19.320"/>
  <testcase classname="com.nopcommerce.RegisterPage.Register_Page" name="Front_Register_An_Account_With_The_Invalid_Information" time="22.622"/>
  <testcase classname="com.nopcommerce.RegisterPage.Register_Page" name="Front_Register_An_Account_With_The_Email_Has_Already_Registered" time="23.267"/>
</testsuite> <!-- com.nopcommerce.RegisterPage.Register_Page -->
