<?xml version="1.0" encoding="UTF-8"?>
<!-- Generated by org.testng.reporters.JUnitReportReporter -->
<testsuite hostname="DESKTOP-R1KVHLO" failures="0" tests="1" name="com.nopcommerce.HomePage.Home_Page" time="7.173" errors="0" timestamp="11 Aug 2023 09:07:21 GMT" skipped="0">
  <testcase classname="com.nopcommerce.HomePage.Home_Page" name="Front_Open_Home_Page" time="7.173"/>
</testsuite> <!-- com.nopcommerce.HomePage.Home_Page -->
