<?xml version="1.0" encoding="UTF-8"?>
<!-- Generated by org.testng.reporters.JUnitReportReporter -->
<testsuite hostname="Edward" failures="0" tests="3" name="com.nopcommerce.RegisterPage.Register_Page" time="59.498" errors="0" timestamp="29 Aug 2023 09:12:16 GMT" skipped="0">
  <testcase classname="com.nopcommerce.RegisterPage.Register_Page" name="Front_Register_An_Account_With_The_Email_Has_Already_Registered" time="22.014"/>
  <testcase classname="com.nopcommerce.RegisterPage.Register_Page" name="Front_Register_An_Account_With_The_Valid_Information" time="16.097"/>
  <testcase classname="com.nopcommerce.RegisterPage.Register_Page" name="Front_Register_An_Account_With_The_Invalid_Information" time="21.387"/>
</testsuite> <!-- com.nopcommerce.RegisterPage.Register_Page -->
