<?xml version="1.0" encoding="UTF-8"?>
<!-- Generated by org.testng.reporters.JUnitReportReporter -->
<testsuite hostname="DESKTOP-R1KVHLO" failures="0" tests="1" name="com.nopcommerce.LoginPage.Login_Page" time="3.548" errors="0" timestamp="11 Aug 2023 09:07:21 GMT" skipped="0">
  <testcase classname="com.nopcommerce.LoginPage.Login_Page" name="Front_Open_Login_Page" time="3.548"/>
</testsuite> <!-- com.nopcommerce.LoginPage.Login_Page -->
