<?xml version="1.0" encoding="UTF-8"?>
<!-- Generated by org.testng.reporters.JUnitReportReporter -->
<testsuite hostname="Edward.local" failures="0" tests="6" name="com.nopcommerce.LoginPage.Login_Page" time="37.438" errors="0" timestamp="02 Oct 2023 08:05:27 GMT" skipped="0">
  <testcase classname="com.nopcommerce.LoginPage.Login_Page" name="Front_Open_Login_Page" time="2.027"/>
  <testcase classname="com.nopcommerce.LoginPage.Login_Page" name="Front_Login_With_The_Email_Does_Not_Exist" time="7.747"/>
  <testcase classname="com.nopcommerce.LoginPage.Login_Page" name="Front_Login_Email_And_Input_Invalid_Password" time="9.105"/>
  <testcase classname="com.nopcommerce.LoginPage.Login_Page" name="Front_Login_Without_Inputting" time="4.559"/>
  <testcase classname="com.nopcommerce.LoginPage.Login_Page" name="Front_Login_With_The_Invalid_Email" time="5.975"/>
  <testcase classname="com.nopcommerce.LoginPage.Login_Page" name="Front_Login_Email_Without_Inputting_Password" time="8.025"/>
</testsuite> <!-- com.nopcommerce.LoginPage.Login_Page -->
