<?xml version="1.0" encoding="UTF-8"?>
<!-- Generated by org.testng.reporters.JUnitReportReporter -->
<testsuite hostname="Edward.local" failures="0" tests="1" name="com.nopcommerce.HomePage.Home_Page" time="7.433" errors="0" timestamp="02 Oct 2023 08:05:27 GMT" skipped="0">
  <testcase classname="com.nopcommerce.HomePage.Home_Page" name="Front_Open_Home_Page" time="7.433"/>
</testsuite> <!-- com.nopcommerce.HomePage.Home_Page -->
