<?xml version="1.0" encoding="UTF-8"?>
<!-- Generated by org.testng.reporters.JUnitReportReporter -->
<testsuite hostname="Edward" failures="0" tests="1" name="com.nopcommerce.HomePage.Home_Page" time="7.060" errors="0" timestamp="29 Aug 2023 04:07:56 GMT" skipped="0">
  <testcase classname="com.nopcommerce.HomePage.Home_Page" name="Front_Open_Home_Page" time="7.060"/>
</testsuite> <!-- com.nopcommerce.HomePage.Home_Page -->
