<?xml version="1.0" encoding="UTF-8"?>
<!-- Generated by org.testng.reporters.JUnitReportReporter -->
<testsuite hostname="DESKTOP-R1KVHLO" failures="0" tests="1" name="com.nopcommerce.HomePage.Home_Page" time="4.355" errors="0" timestamp="16 May 2024 06:57:05 GMT" skipped="0">
  <testcase classname="com.nopcommerce.HomePage.Home_Page" name="Front_Open_Home_Page" time="4.355"/>
</testsuite> <!-- com.nopcommerce.HomePage.Home_Page -->
