<?xml version="1.0" encoding="UTF-8"?>
<!-- Generated by org.testng.reporters.JUnitReportReporter -->
<testsuite hostname="DESKTOP-R1KVHLO" failures="0" tests="3" name="com.nopcommerce.RegisterPage.Register_Page" time="49.820" errors="0" timestamp="20 May 2024 11:08:17 GMT" skipped="0">
  <testcase classname="com.nopcommerce.RegisterPage.Register_Page" name="Front_Register_An_Account_With_The_Email_Has_Already_Registered" time="23.414"/>
  <testcase classname="com.nopcommerce.RegisterPage.Register_Page" name="Front_Register_An_Account_With_The_Valid_Information" time="12.462"/>
  <testcase classname="com.nopcommerce.RegisterPage.Register_Page" name="Front_Register_An_Account_With_The_Invalid_Information" time="13.944"/>
</testsuite> <!-- com.nopcommerce.RegisterPage.Register_Page -->
