<?xml version="1.0" encoding="UTF-8"?>
<!-- Generated by org.testng.reporters.JUnitReportReporter -->
<testsuite hostname="DESKTOP-R1KVHLO" failures="0" tests="1" name="com.nopcommerce.HomePage.Home_Page" time="3.848" errors="0" timestamp="20 May 2024 11:08:17 GMT" skipped="0">
  <testcase classname="com.nopcommerce.HomePage.Home_Page" name="Front_Open_Home_Page" time="3.848"/>
</testsuite> <!-- com.nopcommerce.HomePage.Home_Page -->
