<?xml version="1.0" encoding="UTF-8"?>
<!-- Generated by org.testng.reporters.JUnitReportReporter -->
<testsuite hostname="DESKTOP-R1KVHLO" failures="0" tests="3" name="com.nopcommerce.RegisterPage.Register_Page" time="49.863" errors="0" timestamp="16 May 2024 06:57:05 GMT" skipped="0">
  <testcase classname="com.nopcommerce.RegisterPage.Register_Page" name="Front_Register_An_Account_With_The_Email_Has_Already_Registered" time="23.444"/>
  <testcase classname="com.nopcommerce.RegisterPage.Register_Page" name="Front_Register_An_Account_With_The_Valid_Information" time="12.451"/>
  <testcase classname="com.nopcommerce.RegisterPage.Register_Page" name="Front_Register_An_Account_With_The_Invalid_Information" time="13.968"/>
</testsuite> <!-- com.nopcommerce.RegisterPage.Register_Page -->
