<?xml version="1.0" encoding="UTF-8"?>
<!-- Generated by org.testng.reporters.JUnitReportReporter -->
<testsuite hostname="DESKTOP-R1KVHLO" failures="0" tests="9" name="com.nopcommerce.SearchPage.Search_Page" time="42.495" errors="0" timestamp="20 May 2024 11:08:17 GMT" skipped="0">
  <testcase classname="com.nopcommerce.SearchPage.Search_Page" name="Search_With_The_Correct_Manufactuer" time="6.783"/>
  <testcase classname="com.nopcommerce.SearchPage.Search_Page" name="Search_With_The_Exatcly_Product_Name" time="3.547"/>
  <testcase classname="com.nopcommerce.SearchPage.Search_Page" name="Front_Open_Search_Page" time="3.386"/>
  <testcase classname="com.nopcommerce.SearchPage.Search_Page" name="Search_With_The_Data_Does_Not_Exist" time="3.524"/>
  <testcase classname="com.nopcommerce.SearchPage.Search_Page" name="Search_With_The_Sub_Categories" time="5.678"/>
  <testcase classname="com.nopcommerce.SearchPage.Search_Page" name="Search_With_The_Incorrect_Manufactuer" time="6.770"/>
  <testcase classname="com.nopcommerce.SearchPage.Search_Page" name="Search_Without_Data" time="2.413"/>
  <testcase classname="com.nopcommerce.SearchPage.Search_Page" name="Search_With_Product_Exist" time="4.673"/>
  <testcase classname="com.nopcommerce.SearchPage.Search_Page" name="Search_With_The_Parent_Category" time="5.721"/>
</testsuite> <!-- com.nopcommerce.SearchPage.Search_Page -->
