<?xml version="1.0" encoding="UTF-8"?>
<!-- Generated by org.testng.reporters.JUnitReportReporter -->
<testsuite hostname="DESKTOP-R1KVHLO" failures="0" tests="6" name="com.nopcommerce.LoginPage.Login_Page" time="31.530" errors="0" timestamp="16 May 2024 06:57:05 GMT" skipped="0">
  <testcase classname="com.nopcommerce.LoginPage.Login_Page" name="Front_Open_Login_Page" time="1.336"/>
  <testcase classname="com.nopcommerce.LoginPage.Login_Page" name="Front_Login_Email_And_Input_Invalid_Password" time="7.688"/>
  <testcase classname="com.nopcommerce.LoginPage.Login_Page" name="Front_Login_With_The_Invalid_Email" time="5.238"/>
  <testcase classname="com.nopcommerce.LoginPage.Login_Page" name="Front_Login_Email_Without_Inputting_Password" time="6.551"/>
  <testcase classname="com.nopcommerce.LoginPage.Login_Page" name="Front_Login_Without_Inputting" time="4.163"/>
  <testcase classname="com.nopcommerce.LoginPage.Login_Page" name="Front_Login_With_The_Email_Does_Not_Exist" time="6.554"/>
</testsuite> <!-- com.nopcommerce.LoginPage.Login_Page -->
