<?xml version="1.0" encoding="UTF-8"?>
<!-- Generated by org.testng.reporters.JUnitReportReporter -->
<testsuite hostname="DESKTOP-R1KVHLO" failures="0" tests="6" name="com.nopcommerce.MyAccountPage.My_Account_Page" time="85.106" errors="0" timestamp="17 May 2024 11:37:36 GMT" skipped="0">
  <testcase classname="com.nopcommerce.MyAccountPage.My_Account_Page" name="My_Account_Add_Address" time="17.560"/>
  <testcase classname="com.nopcommerce.MyAccountPage.My_Account_Page" name="My_Account_Update_Customer_Information" time="14.846"/>
  <testcase classname="com.nopcommerce.MyAccountPage.My_Account_Page" name="My_Account_Login_After_Updating_Password" time="21.273"/>
  <testcase classname="com.nopcommerce.MyAccountPage.My_Account_Page" name="My_Account_Login_Success" time="5.827"/>
  <testcase classname="com.nopcommerce.MyAccountPage.My_Account_Page" name="My_Account_Change_Password" time="8.203"/>
  <testcase classname="com.nopcommerce.MyAccountPage.My_Account_Page" name="My_Account_My_Product_Reiews" time="17.397"/>
</testsuite> <!-- com.nopcommerce.MyAccountPage.My_Account_Page -->
