<?xml version="1.0" encoding="UTF-8"?>
<!-- Generated by org.testng.reporters.JUnitReportReporter -->
<testsuite hostname="Edward" failures="0" tests="1" name="com.nopcommerce.HomePage.Home_Page" time="9.137" errors="0" timestamp="20 Nov 2023 03:19:08 GMT" skipped="0">
  <testcase classname="com.nopcommerce.HomePage.Home_Page" name="Front_Open_Home_Page" time="9.137"/>
</testsuite> <!-- com.nopcommerce.HomePage.Home_Page -->
