<?xml version="1.0" encoding="UTF-8"?>
<!-- Generated by org.testng.reporters.JUnitReportReporter -->
<testsuite hostname="DESKTOP-R1KVHLO" failures="0" tests="1" name="com.nopcommerce.HomePage.Home_Page" time="3.844" errors="0" timestamp="15 May 2024 04:34:50 GMT" skipped="0">
  <testcase classname="com.nopcommerce.HomePage.Home_Page" name="Front_Open_Home_Page" time="3.844"/>
</testsuite> <!-- com.nopcommerce.HomePage.Home_Page -->
