<?xml version="1.0" encoding="UTF-8"?>
<!-- Generated by org.testng.reporters.JUnitReportReporter -->
<testsuite hostname="DESKTOP-R1KVHLO" failures="0" tests="3" name="com.nopcommerce.MyAccountPage.My_Account_Page" time="19.971" errors="0" timestamp="15 May 2024 04:34:50 GMT" skipped="0">
  <testcase classname="com.nopcommerce.MyAccountPage.My_Account_Page" name="My_Account_Update_Customer_Information" time="13.589"/>
  <testcase classname="com.nopcommerce.MyAccountPage.My_Account_Page" name="My_Account_Login_Success" time="6.380"/>
  <testcase classname="com.nopcommerce.MyAccountPage.My_Account_Page" name="My_Account_Add_Address" time="0.002"/>
</testsuite> <!-- com.nopcommerce.MyAccountPage.My_Account_Page -->
